<?xml version="1.0" encoding="UTF-8"?>
<!-- Generated by org.testng.reporters.JUnitReportReporter -->
<testsuite hostname="DESKTOP-CP6C74M" failures="0" tests="1" name="Shopperstack_TestScripts.TC_002_Verify_User_Is_able_To_Delete_Address_Or_Not" time="24.655" errors="0" timestamp="2024-11-19T18:04:03 IST" skipped="0">
  <testcase classname="Shopperstack_TestScripts.TC_002_Verify_User_Is_able_To_Delete_Address_Or_Not" name="deleteAddress" time="24.655"/>
</testsuite> <!-- Shopperstack_TestScripts.TC_002_Verify_User_Is_able_To_Delete_Address_Or_Not -->
