<?xml version="1.0" encoding="UTF-8"?>
<!-- Generated by org.testng.reporters.JUnitReportReporter -->
<testsuite hostname="DESKTOP-CP6C74M" failures="0" tests="1" name="Shopperstack_TestScripts.Tc_003_Verify_User_Is_Able_To_Add_Product_To_Cart_Or_Not" time="39.844" errors="0" timestamp="2024-11-19T18:10:08 IST" skipped="0">
  <testcase classname="Shopperstack_TestScripts.Tc_003_Verify_User_Is_Able_To_Add_Product_To_Cart_Or_Not" name="orderProduct" time="39.844"/>
</testsuite> <!-- Shopperstack_TestScripts.Tc_003_Verify_User_Is_Able_To_Add_Product_To_Cart_Or_Not -->
